Aug 24 22:21:54 ..... started STAR run
Aug 24 22:21:55 ..... loading genome
Aug 24 22:23:05 ..... started 1st pass mapping
Aug 24 22:32:38 ..... finished 1st pass mapping
Aug 24 22:32:40 ..... inserting junctions into the genome indices
Aug 24 22:34:22 ..... started mapping
Aug 24 23:02:30 ..... finished mapping
Aug 24 23:02:31 ..... finished successfully
Aug 24 23:02:32 ..... started STAR run
Aug 24 23:02:32 ..... loading genome
Aug 24 23:03:23 ..... started 1st pass mapping
Aug 24 23:33:29 ..... finished 1st pass mapping
Aug 24 23:33:31 ..... inserting junctions into the genome indices
Aug 24 23:35:19 ..... started mapping
Aug 25 01:05:03 ..... finished mapping
Aug 25 01:05:06 ..... finished successfully
Aug 25 01:05:07 ..... started STAR run
Aug 25 01:05:07 ..... loading genome
Aug 25 01:05:49 ..... started 1st pass mapping
Aug 25 01:16:12 ..... finished 1st pass mapping
Aug 25 01:16:13 ..... inserting junctions into the genome indices
Aug 25 01:17:58 ..... started mapping
Aug 25 01:43:07 ..... finished mapping
Aug 25 01:43:09 ..... finished successfully
Aug 25 01:43:10 ..... started STAR run
Aug 25 01:43:10 ..... loading genome
Aug 25 01:43:53 ..... started 1st pass mapping
Aug 25 01:54:11 ..... finished 1st pass mapping
Aug 25 01:54:13 ..... inserting junctions into the genome indices
Aug 25 01:55:59 ..... started mapping
Aug 25 02:17:16 ..... finished mapping
Aug 25 02:17:18 ..... finished successfully
Aug 25 02:17:18 ..... started STAR run
Aug 25 02:17:19 ..... loading genome
Aug 25 02:17:59 ..... started 1st pass mapping
Aug 25 02:33:24 ..... finished 1st pass mapping
Aug 25 02:33:26 ..... inserting junctions into the genome indices
Aug 25 02:35:10 ..... started mapping
Aug 25 03:39:20 ..... finished mapping
Aug 25 03:39:22 ..... finished successfully
Aug 25 03:39:23 ..... started STAR run
Aug 25 03:39:24 ..... loading genome
Aug 25 03:40:02 ..... started 1st pass mapping
Aug 25 03:49:35 ..... finished 1st pass mapping
Aug 25 03:49:39 ..... inserting junctions into the genome indices
Aug 25 03:51:29 ..... started mapping
Aug 25 04:21:33 ..... finished mapping
Aug 25 04:21:35 ..... finished successfully
Aug 25 04:21:36 ..... started STAR run
Aug 25 04:21:37 ..... loading genome
Aug 25 04:22:13 ..... started 1st pass mapping
Aug 25 04:34:32 ..... finished 1st pass mapping
Aug 25 04:34:34 ..... inserting junctions into the genome indices
Aug 25 04:36:16 ..... started mapping
Aug 25 05:08:24 ..... finished mapping
Aug 25 05:08:25 ..... finished successfully
Aug 25 05:08:26 ..... started STAR run
Aug 25 05:08:27 ..... loading genome
Aug 25 05:09:10 ..... started 1st pass mapping
Aug 25 05:22:53 ..... finished 1st pass mapping
Aug 25 05:22:54 ..... inserting junctions into the genome indices
Aug 25 05:24:55 ..... started mapping
Aug 25 06:01:29 ..... finished mapping
Aug 25 06:01:32 ..... finished successfully
Aug 25 06:01:33 ..... started STAR run
Aug 25 06:01:33 ..... loading genome
Aug 25 06:02:15 ..... started 1st pass mapping
Aug 25 06:13:23 ..... finished 1st pass mapping
Aug 25 06:13:24 ..... inserting junctions into the genome indices
Aug 25 06:15:21 ..... started mapping
Aug 25 06:43:05 ..... finished mapping
Aug 25 06:43:08 ..... finished successfully
Aug 25 06:43:09 ..... started STAR run
Aug 25 06:43:09 ..... loading genome
Aug 25 06:43:52 ..... started 1st pass mapping
Aug 25 06:56:15 ..... finished 1st pass mapping
Aug 25 06:56:17 ..... inserting junctions into the genome indices
Aug 25 06:58:06 ..... started mapping
Aug 25 07:52:50 ..... finished mapping
Aug 25 07:52:52 ..... finished successfully
Aug 25 07:52:53 ..... started STAR run
Aug 25 07:52:53 ..... loading genome
Aug 25 07:53:38 ..... started 1st pass mapping
Aug 25 08:10:35 ..... finished 1st pass mapping
Aug 25 08:10:36 ..... inserting junctions into the genome indices
Aug 25 08:12:18 ..... started mapping
Aug 25 08:52:21 ..... finished mapping
Aug 25 08:52:24 ..... finished successfully
Aug 25 08:52:26 ..... started STAR run
Aug 25 08:52:26 ..... loading genome
Aug 25 08:53:06 ..... started 1st pass mapping
Aug 25 09:06:34 ..... finished 1st pass mapping
Aug 25 09:06:36 ..... inserting junctions into the genome indices
Aug 25 09:08:11 ..... started mapping
Aug 25 09:39:46 ..... finished mapping
Aug 25 09:39:47 ..... finished successfully
Aug 25 09:39:48 ..... started STAR run
Aug 25 09:39:48 ..... loading genome
Aug 25 09:40:24 ..... started 1st pass mapping
Aug 25 10:06:07 ..... finished 1st pass mapping
Aug 25 10:06:08 ..... inserting junctions into the genome indices
Aug 25 10:07:54 ..... started mapping
Aug 25 11:19:42 ..... finished mapping
Aug 25 11:19:44 ..... finished successfully
Aug 25 11:19:45 ..... started STAR run
Aug 25 11:19:45 ..... loading genome
Aug 25 11:20:39 ..... started 1st pass mapping
Aug 25 11:52:09 ..... finished 1st pass mapping
Aug 25 11:52:10 ..... inserting junctions into the genome indices
Aug 25 11:54:01 ..... started mapping
Aug 25 14:13:29 ..... finished mapping
Aug 25 14:13:31 ..... finished successfully
Aug 25 14:13:32 ..... started STAR run
Aug 25 14:13:32 ..... loading genome
Aug 25 14:14:22 ..... started 1st pass mapping
Aug 25 14:25:50 ..... finished 1st pass mapping
Aug 25 14:25:52 ..... inserting junctions into the genome indices
Aug 25 14:27:39 ..... started mapping
Aug 25 15:14:00 ..... finished mapping
Aug 25 15:14:02 ..... finished successfully
Aug 25 15:14:03 ..... started STAR run
Aug 25 15:14:03 ..... loading genome
Aug 25 15:15:09 ..... started 1st pass mapping
Aug 25 15:29:58 ..... finished 1st pass mapping
Aug 25 15:29:59 ..... inserting junctions into the genome indices
Aug 25 15:31:40 ..... started mapping
Aug 25 16:07:40 ..... finished mapping
Aug 25 16:07:43 ..... finished successfully
Aug 25 16:07:44 ..... started STAR run
Aug 25 16:07:44 ..... loading genome
Aug 25 16:08:23 ..... started 1st pass mapping
Aug 25 16:19:01 ..... finished 1st pass mapping
Aug 25 16:19:03 ..... inserting junctions into the genome indices
Aug 25 16:20:55 ..... started mapping
Aug 25 16:46:55 ..... finished mapping
Aug 25 16:46:58 ..... finished successfully
Aug 25 16:46:59 ..... started STAR run
Aug 25 16:46:59 ..... loading genome
Aug 25 16:47:41 ..... started 1st pass mapping
Aug 25 17:07:34 ..... finished 1st pass mapping
Aug 25 17:07:35 ..... inserting junctions into the genome indices
Aug 25 17:09:10 ..... started mapping
Aug 25 18:09:40 ..... finished mapping
Aug 25 18:09:41 ..... finished successfully
