Aug 24 22:23:33 ..... started STAR run
Aug 24 22:23:33 ..... loading genome
Aug 24 22:25:01 ..... started 1st pass mapping
Aug 24 22:35:36 ..... finished 1st pass mapping
Aug 24 22:35:38 ..... inserting junctions into the genome indices
Aug 24 22:37:18 ..... started mapping
Aug 24 23:03:13 ..... finished mapping
Aug 24 23:03:14 ..... finished successfully
Aug 24 23:03:14 ..... started STAR run
Aug 24 23:03:14 ..... loading genome
Aug 24 23:04:13 ..... started 1st pass mapping
Aug 24 23:14:11 ..... finished 1st pass mapping
Aug 24 23:14:12 ..... inserting junctions into the genome indices
Aug 24 23:15:57 ..... started mapping
Aug 24 23:39:44 ..... finished mapping
Aug 24 23:39:46 ..... finished successfully
Aug 24 23:39:47 ..... started STAR run
Aug 24 23:39:47 ..... loading genome
Aug 24 23:40:47 ..... started 1st pass mapping
Aug 24 23:49:21 ..... finished 1st pass mapping
Aug 24 23:49:24 ..... inserting junctions into the genome indices
Aug 24 23:51:16 ..... started mapping
Aug 25 00:16:19 ..... finished mapping
Aug 25 00:16:21 ..... finished successfully
Aug 25 00:16:22 ..... started STAR run
Aug 25 00:16:22 ..... loading genome
Aug 25 00:17:23 ..... started 1st pass mapping
Aug 25 00:28:27 ..... finished 1st pass mapping
Aug 25 00:28:28 ..... inserting junctions into the genome indices
Aug 25 00:30:40 ..... started mapping
Aug 25 00:57:53 ..... finished mapping
Aug 25 00:57:55 ..... finished successfully
Aug 25 00:57:57 ..... started STAR run
Aug 25 00:57:57 ..... loading genome
Aug 25 00:58:51 ..... started 1st pass mapping
Aug 25 01:09:54 ..... finished 1st pass mapping
Aug 25 01:09:55 ..... inserting junctions into the genome indices
Aug 25 01:11:39 ..... started mapping
Aug 25 01:53:55 ..... finished mapping
Aug 25 01:53:57 ..... finished successfully
Aug 25 01:53:58 ..... started STAR run
Aug 25 01:53:58 ..... loading genome
Aug 25 01:54:41 ..... started 1st pass mapping
Aug 25 02:09:09 ..... finished 1st pass mapping
Aug 25 02:09:11 ..... inserting junctions into the genome indices
Aug 25 02:10:54 ..... started mapping
Aug 25 02:44:29 ..... finished mapping
Aug 25 02:44:31 ..... finished successfully
Aug 25 02:44:32 ..... started STAR run
Aug 25 02:44:32 ..... loading genome
Aug 25 02:45:15 ..... started 1st pass mapping
Aug 25 02:58:49 ..... finished 1st pass mapping
Aug 25 02:58:51 ..... inserting junctions into the genome indices
Aug 25 03:00:32 ..... started mapping
Aug 25 03:32:10 ..... finished mapping
Aug 25 03:32:12 ..... finished successfully
Aug 25 03:32:13 ..... started STAR run
Aug 25 03:32:13 ..... loading genome
Aug 25 03:33:05 ..... started 1st pass mapping
Aug 25 03:46:18 ..... finished 1st pass mapping
Aug 25 03:46:19 ..... inserting junctions into the genome indices
Aug 25 03:48:06 ..... started mapping
Aug 25 04:21:39 ..... finished mapping
Aug 25 04:21:41 ..... finished successfully
Aug 25 04:21:42 ..... started STAR run
Aug 25 04:21:42 ..... loading genome
Aug 25 04:22:27 ..... started 1st pass mapping
Aug 25 04:34:25 ..... finished 1st pass mapping
Aug 25 04:34:26 ..... inserting junctions into the genome indices
Aug 25 04:36:02 ..... started mapping
Aug 25 05:06:42 ..... finished mapping
Aug 25 05:06:43 ..... finished successfully
Aug 25 05:06:44 ..... started STAR run
Aug 25 05:06:45 ..... loading genome
Aug 25 05:07:38 ..... started 1st pass mapping
Aug 25 05:26:31 ..... finished 1st pass mapping
Aug 25 05:26:32 ..... inserting junctions into the genome indices
Aug 25 05:28:02 ..... started mapping
Aug 25 06:15:22 ..... finished mapping
Aug 25 06:15:23 ..... finished successfully
Aug 25 06:15:24 ..... started STAR run
Aug 25 06:15:24 ..... loading genome
Aug 25 06:16:02 ..... started 1st pass mapping
Aug 25 06:27:54 ..... finished 1st pass mapping
Aug 25 06:27:55 ..... inserting junctions into the genome indices
Aug 25 06:29:31 ..... started mapping
Aug 25 06:56:06 ..... finished mapping
Aug 25 06:56:07 ..... finished successfully
Aug 25 06:56:08 ..... started STAR run
Aug 25 06:56:08 ..... loading genome
Aug 25 06:56:50 ..... started 1st pass mapping
Aug 25 07:34:02 ..... finished 1st pass mapping
Aug 25 07:34:04 ..... inserting junctions into the genome indices
Aug 25 07:35:54 ..... started mapping
Aug 25 09:24:01 ..... finished mapping
Aug 25 09:24:03 ..... finished successfully
Aug 25 09:24:04 ..... started STAR run
Aug 25 09:24:04 ..... loading genome
Aug 25 09:24:54 ..... started 1st pass mapping
Aug 25 09:35:39 ..... finished 1st pass mapping
Aug 25 09:35:40 ..... inserting junctions into the genome indices
Aug 25 09:37:28 ..... started mapping
Aug 25 10:05:17 ..... finished mapping
Aug 25 10:05:20 ..... finished successfully
Aug 25 10:05:21 ..... started STAR run
Aug 25 10:05:21 ..... loading genome
Aug 25 10:06:15 ..... started 1st pass mapping
Aug 25 10:17:09 ..... finished 1st pass mapping
Aug 25 10:17:11 ..... inserting junctions into the genome indices
Aug 25 10:18:53 ..... started mapping
Aug 25 10:49:52 ..... finished mapping
Aug 25 10:49:53 ..... finished successfully
Aug 25 10:49:54 ..... started STAR run
Aug 25 10:49:54 ..... loading genome
Aug 25 10:50:41 ..... started 1st pass mapping
Aug 25 11:02:03 ..... finished 1st pass mapping
Aug 25 11:02:04 ..... inserting junctions into the genome indices
Aug 25 11:03:50 ..... started mapping
Aug 25 11:37:32 ..... finished mapping
Aug 25 11:37:33 ..... finished successfully
Aug 25 11:37:34 ..... started STAR run
Aug 25 11:37:34 ..... loading genome
Aug 25 11:38:28 ..... started 1st pass mapping
Aug 25 11:51:23 ..... finished 1st pass mapping
Aug 25 11:51:24 ..... inserting junctions into the genome indices
Aug 25 11:53:11 ..... started mapping
Aug 25 12:20:16 ..... finished mapping
Aug 25 12:20:18 ..... finished successfully
Aug 25 12:20:19 ..... started STAR run
Aug 25 12:20:20 ..... loading genome
Aug 25 12:21:14 ..... started 1st pass mapping
Aug 25 12:34:38 ..... finished 1st pass mapping
Aug 25 12:34:39 ..... inserting junctions into the genome indices
Aug 25 12:36:25 ..... started mapping
Aug 25 13:12:33 ..... finished mapping
Aug 25 13:12:35 ..... finished successfully
Aug 25 13:12:36 ..... started STAR run
Aug 25 13:12:36 ..... loading genome
Aug 25 13:13:33 ..... started 1st pass mapping
Aug 25 13:22:34 ..... finished 1st pass mapping
Aug 25 13:22:35 ..... inserting junctions into the genome indices
Aug 25 13:24:24 ..... started mapping
Aug 25 13:52:04 ..... finished mapping
Aug 25 13:52:06 ..... finished successfully
