Aug 24 22:29:17 ..... started STAR run
Aug 24 22:29:17 ..... loading genome
Aug 24 22:30:22 ..... started 1st pass mapping
Aug 24 22:53:31 ..... finished 1st pass mapping
Aug 24 22:53:32 ..... inserting junctions into the genome indices
Aug 24 22:55:55 ..... started mapping
Aug 24 23:46:46 ..... finished mapping
Aug 24 23:46:51 ..... finished successfully
Aug 24 23:46:52 ..... started STAR run
Aug 24 23:46:53 ..... loading genome
Aug 24 23:48:00 ..... started 1st pass mapping
Aug 25 00:03:12 ..... finished 1st pass mapping
Aug 25 00:03:13 ..... inserting junctions into the genome indices
Aug 25 00:05:43 ..... started mapping
Aug 25 01:09:53 ..... finished mapping
Aug 25 01:09:58 ..... finished successfully
Aug 25 01:09:59 ..... started STAR run
Aug 25 01:09:59 ..... loading genome
Aug 25 01:10:47 ..... started 1st pass mapping
Aug 25 01:27:11 ..... finished 1st pass mapping
Aug 25 01:27:13 ..... inserting junctions into the genome indices
Aug 25 01:29:43 ..... started mapping
Aug 25 02:18:39 ..... finished mapping
Aug 25 02:18:44 ..... finished successfully
Aug 25 02:18:46 ..... started STAR run
Aug 25 02:18:46 ..... loading genome
Aug 25 02:19:35 ..... started 1st pass mapping
Aug 25 02:36:43 ..... finished 1st pass mapping
Aug 25 02:36:44 ..... inserting junctions into the genome indices
Aug 25 02:39:16 ..... started mapping
Aug 25 03:27:14 ..... finished mapping
Aug 25 03:27:19 ..... finished successfully
Aug 25 03:27:20 ..... started STAR run
Aug 25 03:27:20 ..... loading genome
Aug 25 03:28:13 ..... started 1st pass mapping

EXITING because of FATAL ERROR in reads input: short read sequence line: 0
Read Name=@ERR2208968.37124001
Read Sequence====
DEF_readNameLengthMax=50000
DEF_readSeqLengthMax=650

Aug 25 03:39:12 ...... FATAL ERROR, exiting
Aug 25 03:39:16 ..... started STAR run
Aug 25 03:39:17 ..... loading genome
Aug 25 03:39:47 ..... started 1st pass mapping
Aug 25 03:51:22 ..... finished 1st pass mapping
Aug 25 03:51:23 ..... inserting junctions into the genome indices
Aug 25 03:53:49 ..... started mapping
Aug 25 04:26:16 ..... finished mapping
Aug 25 04:26:21 ..... finished successfully
Aug 25 04:26:22 ..... started STAR run
Aug 25 04:26:22 ..... loading genome
Aug 25 04:27:01 ..... started 1st pass mapping
Aug 25 04:39:53 ..... finished 1st pass mapping
Aug 25 04:39:55 ..... inserting junctions into the genome indices
Aug 25 04:42:23 ..... started mapping
Aug 25 05:19:54 ..... finished mapping
Aug 25 05:19:59 ..... finished successfully
Aug 25 05:20:03 ..... started STAR run
Aug 25 05:20:03 ..... loading genome
Aug 25 05:20:46 ..... started 1st pass mapping
Aug 25 05:42:34 ..... finished 1st pass mapping
Aug 25 05:42:35 ..... inserting junctions into the genome indices
Aug 25 05:44:50 ..... started mapping
Aug 25 07:01:22 ..... finished mapping
Aug 25 07:01:28 ..... finished successfully
Aug 25 07:01:29 ..... started STAR run
Aug 25 07:01:29 ..... loading genome
Aug 25 07:02:14 ..... started 1st pass mapping
Aug 25 07:16:37 ..... finished 1st pass mapping
Aug 25 07:16:39 ..... inserting junctions into the genome indices
Aug 25 07:19:11 ..... started mapping
Aug 25 08:09:22 ..... finished mapping
Aug 25 08:09:26 ..... finished successfully
Aug 25 08:09:28 ..... started STAR run
Aug 25 08:09:28 ..... loading genome
Aug 25 08:10:01 ..... started 1st pass mapping
Aug 25 08:30:14 ..... finished 1st pass mapping
Aug 25 08:30:16 ..... inserting junctions into the genome indices
Aug 25 08:32:26 ..... started mapping
Aug 25 09:10:02 ..... finished mapping
Aug 25 09:10:07 ..... finished successfully
Aug 25 09:10:08 ..... started STAR run
Aug 25 09:10:13 ..... loading genome
Aug 25 09:11:01 ..... started 1st pass mapping
Aug 25 09:25:53 ..... finished 1st pass mapping
Aug 25 09:25:55 ..... inserting junctions into the genome indices
Aug 25 09:28:20 ..... started mapping
Aug 25 10:06:33 ..... finished mapping
Aug 25 10:06:37 ..... finished successfully
Aug 25 10:06:38 ..... started STAR run
Aug 25 10:06:38 ..... loading genome
Aug 25 10:07:16 ..... started 1st pass mapping
Aug 25 10:51:41 ..... finished 1st pass mapping
Aug 25 10:51:42 ..... inserting junctions into the genome indices
Aug 25 10:54:27 ..... started mapping
Aug 25 13:05:19 ..... finished mapping
Aug 25 13:05:24 ..... finished successfully
Aug 25 13:05:25 ..... started STAR run
Aug 25 13:05:26 ..... loading genome
Aug 25 13:06:27 ..... started 1st pass mapping
Aug 25 13:21:39 ..... finished 1st pass mapping
Aug 25 13:21:41 ..... inserting junctions into the genome indices
Aug 25 13:23:57 ..... started mapping
Aug 25 13:57:38 ..... finished mapping
Aug 25 13:57:43 ..... finished successfully
Aug 25 13:57:44 ..... started STAR run
Aug 25 13:57:45 ..... loading genome
Aug 25 13:58:27 ..... started 1st pass mapping
Aug 25 14:35:16 ..... finished 1st pass mapping
Aug 25 14:35:17 ..... inserting junctions into the genome indices
Aug 25 14:37:50 ..... started mapping
Aug 25 18:08:54 ..... finished mapping
Aug 25 18:08:59 ..... finished successfully
Aug 25 18:09:00 ..... started STAR run
Aug 25 18:09:00 ..... loading genome
Aug 25 18:09:48 ..... started 1st pass mapping
Aug 25 18:23:49 ..... finished 1st pass mapping
Aug 25 18:23:50 ..... inserting junctions into the genome indices
Aug 25 18:26:04 ..... started mapping
Aug 25 18:56:56 ..... finished mapping
Aug 25 18:57:00 ..... finished successfully
Aug 25 18:57:01 ..... started STAR run
Aug 25 18:57:02 ..... loading genome
Aug 25 18:57:51 ..... started 1st pass mapping
Aug 25 19:28:52 ..... finished 1st pass mapping
Aug 25 19:28:54 ..... inserting junctions into the genome indices
Aug 25 19:31:29 ..... started mapping
Aug 25 20:50:38 ..... finished mapping
Aug 25 20:50:43 ..... finished successfully
Aug 25 20:50:45 ..... started STAR run
Aug 25 20:50:45 ..... loading genome
Aug 25 20:51:46 ..... started 1st pass mapping
Aug 25 21:24:26 ..... finished 1st pass mapping
Aug 25 21:24:29 ..... inserting junctions into the genome indices
Aug 25 21:27:16 ..... started mapping
Aug 25 23:25:34 ..... finished mapping
Aug 25 23:25:40 ..... finished successfully
Aug 25 23:25:41 ..... started STAR run
Aug 25 23:25:41 ..... loading genome
Aug 25 23:26:36 ..... started 1st pass mapping
Aug 25 23:53:58 ..... finished 1st pass mapping
Aug 25 23:54:00 ..... inserting junctions into the genome indices
Aug 25 23:56:39 ..... started mapping
Aug 26 01:11:03 ..... finished mapping
Aug 26 01:11:08 ..... finished successfully
